<?xml version="1.0" encoding="UTF-8"?>
<testng-results skipped="0" failed="0" total="1" passed="1">
  <reporter-output>
  </reporter-output>
  <suite name="TestNGSuite" duration-ms="182414" started-at="2016-07-18T07:11:52Z" finished-at="2016-07-18T07:14:54Z">
    <groups>
    </groups>
    <test name="test2" duration-ms="182414" started-at="2016-07-18T07:11:52Z" finished-at="2016-07-18T07:14:54Z">
      <class name="cn.xuexi.TestLog4j">
        <test-method status="PASS" signature="beforClass()[pri:0, instance:cn.xuexi.TestLog4j@28ac3f94]" name="beforClass" is-config="true" duration-ms="349" started-at="2016-07-18T15:11:52Z" finished-at="2016-07-18T15:11:52Z">
          <reporter-output>
          </reporter-output>
        </test-method> <!-- beforClass -->
        <test-method status="PASS" signature="beforeMethod(java.lang.String)[pri:0, instance:cn.xuexi.TestLog4j@28ac3f94]" name="beforeMethod" is-config="true" duration-ms="4315" started-at="2016-07-18T15:11:52Z" finished-at="2016-07-18T15:11:56Z">
          <params>
            <param index="0">
              <value>
                <![CDATA[chrome]]>
              </value>
            </param>
          </params>
          <reporter-output>
          </reporter-output>
        </test-method> <!-- beforeMethod -->
        <test-method status="PASS" signature="testSogou()[pri:0, instance:cn.xuexi.TestLog4j@28ac3f94]" name="testSogou" duration-ms="176362" started-at="2016-07-18T15:11:56Z" finished-at="2016-07-18T15:14:53Z">
          <reporter-output>
          </reporter-output>
        </test-method> <!-- testSogou -->
        <test-method status="PASS" signature="afterMethod()[pri:0, instance:cn.xuexi.TestLog4j@28ac3f94]" name="afterMethod" is-config="true" duration-ms="1372" started-at="2016-07-18T15:14:53Z" finished-at="2016-07-18T15:14:54Z">
          <reporter-output>
          </reporter-output>
        </test-method> <!-- afterMethod -->
      </class> <!-- cn.xuexi.TestLog4j -->
    </test> <!-- test2 -->
  </suite> <!-- TestNGSuite -->
</testng-results>
